Flow report for Mecheng371P2
Mon Oct 15 09:34:37 2018
Quartus II 64-Bit Version 12.0 Build 178 05/31/2012 SJ Full Version


---------------------
; Table of Contents ;
---------------------
  1. Legal Notice
  2. Flow Summary
  3. Flow Settings
  4. Flow Non-Default Global Settings
  5. Flow Elapsed Time
  6. Flow OS Summary
  7. Flow Log



----------------
; Legal Notice ;
----------------
Copyright (C) 1991-2012 Altera Corporation
Your use of Altera Corporation's design tools, logic functions 
and other software and tools, and its AMPP partner logic 
functions, and any output files from any of the foregoing 
(including device programming or simulation files), and any 
associated documentation or information are expressly subject 
to the terms and conditions of the Altera Program License 
Subscription Agreement, Altera MegaCore Function License 
Agreement, or other applicable license agreement, including, 
without limitation, that your use is for the sole purpose of 
programming logic devices manufactured by Altera and sold by 
Altera or its authorized distributors.  Please refer to the 
applicable agreement for further details.



+--------------------------------------------------------------------------------+
; Flow Summary                                                                   ;
+------------------------------------+-------------------------------------------+
; Flow Status                        ; Successful - Mon Oct 15 09:34:37 2018     ;
; Quartus II 64-Bit Version          ; 12.0 Build 178 05/31/2012 SJ Full Version ;
; Revision Name                      ; Mecheng371P2                              ;
; Top-level Entity Name              ; TOP                                       ;
; Family                             ; Cyclone II                                ;
; Device                             ; EP2C35F672C6                              ;
; Timing Models                      ; Final                                     ;
; Total logic elements               ; 2,690 / 33,216 ( 8 % )                    ;
;     Total combinational functions  ; 2,678 / 33,216 ( 8 % )                    ;
;     Dedicated logic registers      ; 142 / 33,216 ( < 1 % )                    ;
; Total registers                    ; 142                                       ;
; Total pins                         ; 92 / 475 ( 19 % )                         ;
; Total virtual pins                 ; 0                                         ;
; Total memory bits                  ; 0 / 483,840 ( 0 % )                       ;
; Embedded Multiplier 9-bit elements ; 2 / 70 ( 3 % )                            ;
; Total PLLs                         ; 0 / 4 ( 0 % )                             ;
+------------------------------------+-------------------------------------------+


+-----------------------------------------+
; Flow Settings                           ;
+-------------------+---------------------+
; Option            ; Setting             ;
+-------------------+---------------------+
; Start date & time ; 10/15/2018 09:34:16 ;
; Main task         ; Compilation         ;
; Revision Name     ; Mecheng371P2        ;
+-------------------+---------------------+


+---------------------------------------------------------------------------------------------------------------------+
; Flow Non-Default Global Settings                                                                                    ;
+-------------------------------------+--------------------------------+---------------+-------------+----------------+
; Assignment Name                     ; Value                          ; Default Value ; Entity Name ; Section Id     ;
+-------------------------------------+--------------------------------+---------------+-------------+----------------+
; COMPILER_SIGNATURE_ID               ; 88623633985376.153954925600852 ; --            ; --          ; --             ;
; EDA_OUTPUT_DATA_FORMAT              ; Vhdl                           ; --            ; --          ; eda_simulation ;
; EDA_SIMULATION_TOOL                 ; ModelSim-Altera (VHDL)         ; <None>        ; --          ; --             ;
; MAX_CORE_JUNCTION_TEMP              ; 85                             ; --            ; --          ; --             ;
; MIN_CORE_JUNCTION_TEMP              ; 0                              ; --            ; --          ; --             ;
; PARTITION_COLOR                     ; 16764057                       ; --            ; TOP         ; Top            ;
; PARTITION_FITTER_PRESERVATION_LEVEL ; PLACEMENT_AND_ROUTING          ; --            ; TOP         ; Top            ;
; PARTITION_NETLIST_TYPE              ; SOURCE                         ; --            ; TOP         ; Top            ;
; TOP_LEVEL_ENTITY                    ; TOP                            ; Mecheng371P2  ; --          ; --             ;
+-------------------------------------+--------------------------------+---------------+-------------+----------------+


+-------------------------------------------------------------------------------------------------------------------------------+
; Flow Elapsed Time                                                                                                             ;
+---------------------------+--------------+-------------------------+---------------------+------------------------------------+
; Module Name               ; Elapsed Time ; Average Processors Used ; Peak Virtual Memory ; Total CPU Time (on all processors) ;
+---------------------------+--------------+-------------------------+---------------------+------------------------------------+
; Analysis & Synthesis      ; 00:00:04     ; 1.0                     ; 558 MB              ; 00:00:04                           ;
; Fitter                    ; 00:00:12     ; 2.9                     ; 721 MB              ; 00:00:16                           ;
; Assembler                 ; 00:00:02     ; 1.0                     ; 468 MB              ; 00:00:02                           ;
; TimeQuest Timing Analyzer ; 00:00:02     ; 4.0                     ; 509 MB              ; 00:00:02                           ;
; EDA Netlist Writer        ; 00:00:01     ; 1.0                     ; 434 MB              ; 00:00:01                           ;
; Total                     ; 00:00:21     ; --                      ; --                  ; 00:00:25                           ;
+---------------------------+--------------+-------------------------+---------------------+------------------------------------+


+----------------------------------------------------------------------------------------+
; Flow OS Summary                                                                        ;
+---------------------------+------------------+-----------+------------+----------------+
; Module Name               ; Machine Hostname ; OS Name   ; OS Version ; Processor type ;
+---------------------------+------------------+-----------+------------+----------------+
; Analysis & Synthesis      ; en-379929        ; Windows 7 ; 6.2        ; x86_64         ;
; Fitter                    ; en-379929        ; Windows 7 ; 6.2        ; x86_64         ;
; Assembler                 ; en-379929        ; Windows 7 ; 6.2        ; x86_64         ;
; TimeQuest Timing Analyzer ; en-379929        ; Windows 7 ; 6.2        ; x86_64         ;
; EDA Netlist Writer        ; en-379929        ; Windows 7 ; 6.2        ; x86_64         ;
+---------------------------+------------------+-----------+------------+----------------+


------------
; Flow Log ;
------------
quartus_map --read_settings_files=on --write_settings_files=off Mecheng371P2 -c Mecheng371P2
quartus_fit --read_settings_files=off --write_settings_files=off Mecheng371P2 -c Mecheng371P2
quartus_asm --read_settings_files=off --write_settings_files=off Mecheng371P2 -c Mecheng371P2
quartus_sta Mecheng371P2 -c Mecheng371P2
quartus_eda --read_settings_files=off --write_settings_files=off Mecheng371P2 -c Mecheng371P2



